2022-09-26 15:11:07 :CRITICAL :critical :sdsdaf
2022-09-26 15:11:07 :WARNING :critical :ggggg
2022-09-26 15:15:17 :WARNING :get_count_len :Couldn't get the length
2022-09-26 15:15:17 :CRITICAL :critical :sdsdaf
2022-09-26 15:15:17 :WARNING :critical :ggggg
2022-09-26 15:19:42 :WARNING :get_count_len :Couldn't get the length
2022-09-26 15:19:42 :CRITICAL :critical :sdsdaf
2022-09-26 15:19:42 :WARNING :critical :ggggg
2022-09-26 15:20:55 :WARNING :get_count_len :Couldn't get the length
2022-09-26 15:20:55 :CRITICAL :critical :sdsdaf
2022-09-26 15:20:55 :WARNING :critical :ggggg
2022-09-27 06:32:59 :WARNING :get_count_len :Couldn't get the length
2022-09-27 06:32:59 :CRITICAL :critical :sdsdaf
2022-09-27 06:32:59 :WARNING :critical :ggggg
2022-09-27 06:33:54 :WARNING :get_count_len :Couldn't get the length
2022-09-27 06:33:54 :CRITICAL :critical :sdsdaf
2022-09-27 06:33:54 :WARNING :critical :ggggg
2022-09-27 09:58:33 :WARNING :get_count_len :Couldn't get the length
2022-09-27 09:58:34 :CRITICAL :critical :sdsdaf
2022-09-27 09:58:34 :WARNING :critical :ggggg
2022-09-27 09:59:14 :WARNING :get_count_len :Couldn't get the length
2022-09-27 09:59:14 :CRITICAL :critical :sdsdaf
2022-09-27 09:59:14 :WARNING :critical :ggggg
2022-09-27 09:59:48 :WARNING :get_count_len :Couldn't get the length
2022-09-27 09:59:48 :CRITICAL :critical :sdsdaf
2022-09-27 09:59:48 :WARNING :critical :ggggg
2022-09-27 10:01:40 :WARNING :get_count_len :Couldn't get the length
2022-09-27 10:01:40 :CRITICAL :critical :sdsdaf
2022-09-27 10:01:40 :WARNING :critical :ggggg
2022-09-27 10:04:40 :WARNING :get_count_len :Couldn't get the length
2022-09-27 10:04:40 :CRITICAL :critical :sdsdaf
2022-09-27 10:04:40 :WARNING :critical :ggggg
2022-09-27 10:06:51 :WARNING :get_count_len :Couldn't get the length
2022-09-27 10:06:51 :CRITICAL :critical :sdsdaf
2022-09-27 10:06:51 :WARNING :critical :ggggg
2022-09-27 10:06:51 :INFO :get_cookies :2
2022-09-27 10:08:00 :WARNING :get_count_len :Couldn't get the length
2022-09-27 10:08:01 :CRITICAL :critical :sdsdaf
2022-09-27 10:08:01 :WARNING :critical :ggggg
2022-09-27 10:08:01 :INFO :Number of cookies :2
2022-09-27 10:11:21 :WARNING :get_count_len :Couldn't get the length
2022-09-27 10:11:21 :CRITICAL :critical :sdsdaf
2022-09-27 10:11:21 :WARNING :critical :ggggg
2022-09-27 10:11:21 :INFO :Number of cookies :2
2022-09-27 10:11:21 :INFO :Number of cookies :0
2022-09-27 10:11:21 :INFO :Number of cookies :0
2022-09-29 07:40:44 :INFO :Number of cookies :29
